<?xml version="1.0" encoding="UTF-8"?>
<testsuite xmlns:xsi="http://www.w3.org/2001/XMLSchema-instance" xsi:noNamespaceSchemaLocation="https://maven.apache.org/surefire/maven-surefire-plugin/xsd/surefire-test-report.xsd" name="BSPQ20_E2.Netflix.DBTest" time="7.566" tests="13" errors="0" skipped="0" failures="0">
  <properties>
[...]
</properties>
  <testcase name="buyFilmTest" classname="BSPQ20_E2.Netflix.DBTest" time="0.771"/>
  <testcase name="doesBoughtFilmsCountIncrement" classname="BSPQ20_E2.Netflix.DBTest" time="1.217"/>
  <testcase name="checkCredentials" classname="BSPQ20_E2.Netflix.DBTest" time="0.147"/>
  <testcase name="searchFilmsWOAttibutes" classname="BSPQ20_E2.Netflix.DBTest" time="0.288"/>
  <testcase name="myFilmsNotNull" classname="BSPQ20_E2.Netflix.DBTest" time="0.762"/>
  <testcase name="checkRegistration" classname="BSPQ20_E2.Netflix.DBTest" time="0.333"/>
  <testcase name="checkConnection" classname="BSPQ20_E2.Netflix.DBTest" time="0.131"/>
  <testcase name="doFilmsHavePrice" classname="BSPQ20_E2.Netflix.DBTest" time="0.153"/>
  <testcase name="getUserID" classname="BSPQ20_E2.Netflix.DBTest" time="0.147"/>
  <testcase name="checkFilmSearch" classname="BSPQ20_E2.Netflix.DBTest" time="0.124"/>
  <testcase name="checkFilmRetriever" classname="BSPQ20_E2.Netflix.DBTest" time="0.13"/>
  <testcase name="createDB" classname="BSPQ20_E2.Netflix.DBTest" time="0.011"/>
  <testcase name="doesFreeFilmWork" classname="BSPQ20_E2.Netflix.DBTest" time="2.455"/>
</testsuite>