<?xml version="1.0" encoding="UTF-8"?>
<testsuite xmlns:xsi="http://www.w3.org/2001/XMLSchema-instance" xsi:noNamespaceSchemaLocation="https://maven.apache.org/surefire/maven-surefire-plugin/xsd/surefire-test-report.xsd" name="BSPQ20_E2.Netflix.ClientTest" time="2.543" tests="3" errors="0" skipped="0" failures="0">
  <properties>
[...]
</properties>
  <testcase name="searchFilmsWOAttibutes" classname="BSPQ20_E2.Netflix.ClientTest" time="1.246"/>
  <testcase name="doFilmsHavePrice" classname="BSPQ20_E2.Netflix.ClientTest" time="0.276"/>
  <testcase name="defLang" classname="BSPQ20_E2.Netflix.ClientTest" time="0.013"/>
</testsuite>